

Compiling engine/engine.cpp...Compiling engine/search.cpp...g++ -std=c++23 -Wall -Wextra -Wpedantic -O2 -DDEBUG -fopenmp -march=native -flto -c engine/engine.cpp -o engine/engine.o
g++ -std=c++23 -Wall -Wextra -Wpedantic -O2 -DDEBUG -fopenmp -march=native -flto -c engine/search.cpp -o engine/search.o

Compiling board/board.cpp...g++ -std=c++23 -Wall -Wextra -Wpedantic -O2 -DDEBUG -fopenmp -march=native -flto -c board/board.cpp -o board/board.o
board/board.cpp: In member function ‘void chess::Board::doMove(const Move&, MoveState&, char)’:
board/board.cpp:851:36: error: invalid use of member function ‘constexpr uint8_t chess::Coords::rank() const’ (did you forget the ‘()’ ?)
  851 |     if (movingType == KING && from.rank == to.rank) {
      |                               ~~~~~^~~~
      |                                        ()
board/board.cpp:851:47: error: invalid use of member function ‘constexpr uint8_t chess::Coords::rank() const’ (did you forget the ‘()’ ?)
  851 |     if (movingType == KING && from.rank == to.rank) {
      |                                            ~~~^~~~
      |                                                   ()
board/board.cpp:852:50: error: invalid use of member function ‘constexpr uint8_t chess::Coords::file() const’ (did you forget the ‘()’ ?)
  852 |         const int8_t df = static_cast<int8_t>(to.file - from.file);
      |                                               ~~~^~~~
      |                                                      ()
board/board.cpp:852:62: error: invalid use of member function ‘constexpr uint8_t chess::Coords::file() const’ (did you forget the ‘()’ ?)
  852 |         const int8_t df = static_cast<int8_t>(to.file - from.file);
      |                                                         ~~~~~^~~~
      |                                                                  ()
board/board.cpp:859:47: error: invalid use of member function ‘constexpr uint8_t chess::Coords::rank() const’ (did you forget the ‘()’ ?)
  859 |             const uint8_t rookFromIndex = (to.rank << 3) | rookFromFile;
      |                                            ~~~^~~~
      |                                                   ()
board/board.cpp:860:47: error: invalid use of member function ‘constexpr uint8_t chess::Coords::rank() const’ (did you forget the ‘()’ ?)
  860 |             const uint8_t rookToIndex   = (to.rank << 3) | rookToFile;
      |                                            ~~~^~~~
      |                                                   ()
board/board.cpp:865:47: error: invalid use of non-static member function ‘constexpr uint8_t chess::Coords::rank() const’
  865 |             const uint8_t rook = this->get(to.rank, rookFromFile);
      |                                            ~~~^~~~
In file included from board/board.hpp:12,
                 from board/board.cpp:1:
board/../coords/coords.hpp:67:23: note: declared here
   67 |     constexpr uint8_t rank() const noexcept {
      |                       ^~~~
board/board.cpp:866:26: error: invalid use of non-static member function ‘constexpr uint8_t chess::Coords::rank() const’
  866 |             this->set(to.rank, rookToFile, static_cast<piece_id>(rook));
      |                       ~~~^~~~
board/../coords/coords.hpp:67:23: note: declared here
   67 |     constexpr uint8_t rank() const noexcept {
      |                       ^~~~
board/board.cpp:867:26: error: invalid use of non-static member function ‘constexpr uint8_t chess::Coords::rank() const’
  867 |             this->set(to.rank, rookFromFile, EMPTY);
      |                       ~~~^~~~
board/../coords/coords.hpp:67:23: note: declared here
   67 |     constexpr uint8_t rank() const noexcept {
      |                       ^~~~
board/board.cpp:882:21: error: invalid use of member function ‘constexpr uint8_t chess::Coords::rank() const’ (did you forget the ‘()’ ?)
  882 |             ? (from.rank == 0 && (from.file == 0 || from.file == 7))
      |                ~~~~~^~~~
      |                         ()
board/board.cpp:882:40: error: invalid use of member function ‘constexpr uint8_t chess::Coords::file() const’ (did you forget the ‘()’ ?)
  882 |             ? (from.rank == 0 && (from.file == 0 || from.file == 7))
      |                                   ~~~~~^~~~
      |                                            ()
board/board.cpp:882:58: error: invalid use of member function ‘constexpr uint8_t chess::Coords::file() const’ (did you forget the ‘()’ ?)
  882 |             ? (from.rank == 0 && (from.file == 0 || from.file == 7))
      |                                                     ~~~~~^~~~
      |                                                              ()
board/board.cpp:883:21: error: invalid use of member function ‘constexpr uint8_t chess::Coords::rank() const’ (did you forget the ‘()’ ?)
  883 |             : (from.rank == 7 && (from.file == 0 || from.file == 7));
      |                ~~~~~^~~~
      |                         ()
board/board.cpp:883:40: error: invalid use of member function ‘constexpr uint8_t chess::Coords::file() const’ (did you forget the ‘()’ ?)
  883 |             : (from.rank == 7 && (from.file == 0 || from.file == 7));
      |                                   ~~~~~^~~~
      |                                            ()
board/board.cpp:883:58: error: invalid use of member function ‘constexpr uint8_t chess::Coords::file() const’ (did you forget the ‘()’ ?)
  883 |             : (from.rank == 7 && (from.file == 0 || from.file == 7));
      |                                                     ~~~~~^~~~
      |                                                              ()
board/board.cpp:887:26: error: invalid use of member function ‘constexpr uint8_t chess::Coords::file() const’ (did you forget the ‘()’ ?)
  887 |                 if (from.file == 0) {
      |                     ~~~~~^~~~
      |                              ()
board/board.cpp:895:26: error: invalid use of member function ‘constexpr uint8_t chess::Coords::file() const’ (did you forget the ‘()’ ?)
  895 |                 if (from.file == 0) {
      |                     ~~~~~^~~~
      |                              ()
board/board.cpp:909:19: error: invalid use of member function ‘constexpr uint8_t chess::Coords::rank() const’ (did you forget the ‘()’ ?)
  909 |             ? (to.rank == 0 && (to.file == 0 || to.file == 7))
      |                ~~~^~~~
      |                       ()
board/board.cpp:909:36: error: invalid use of member function ‘constexpr uint8_t chess::Coords::file() const’ (did you forget the ‘()’ ?)
  909 |             ? (to.rank == 0 && (to.file == 0 || to.file == 7))
      |                                 ~~~^~~~
      |                                        ()
board/board.cpp:909:52: error: invalid use of member function ‘constexpr uint8_t chess::Coords::file() const’ (did you forget the ‘()’ ?)
  909 |             ? (to.rank == 0 && (to.file == 0 || to.file == 7))
      |                                                 ~~~^~~~
      |                                                        ()
board/board.cpp:910:19: error: invalid use of member function ‘constexpr uint8_t chess::Coords::rank() const’ (did you forget the ‘()’ ?)
  910 |             : (to.rank == 7 && (to.file == 0 || to.file == 7));
      |                ~~~^~~~
      |                       ()
board/board.cpp:910:36: error: invalid use of member function ‘constexpr uint8_t chess::Coords::file() const’ (did you forget the ‘()’ ?)
  910 |             : (to.rank == 7 && (to.file == 0 || to.file == 7));
      |                                 ~~~^~~~
      |                                        ()
board/board.cpp:910:52: error: invalid use of member function ‘constexpr uint8_t chess::Coords::file() const’ (did you forget the ‘()’ ?)
  910 |             : (to.rank == 7 && (to.file == 0 || to.file == 7));
      |                                                 ~~~^~~~
      |                                                        ()
board/board.cpp:914:31: error: invalid use of member function ‘constexpr uint8_t chess::Coords::file() const’ (did you forget the ‘()’ ?)
  914 |                 castle &= (to.file == 0)
      |                            ~~~^~~~
      |                                   ()
board/board.cpp:918:31: error: invalid use of member function ‘constexpr uint8_t chess::Coords::file() const’ (did you forget the ‘()’ ?)
  918 |                 castle &= (to.file == 0)
      |                            ~~~^~~~
      |                                   ()
board/board.cpp:927:50: error: invalid use of member function ‘constexpr uint8_t chess::Coords::rank() const’ (did you forget the ‘()’ ?)
  927 |         const int8_t dr = static_cast<int8_t>(to.rank - from.rank);
      |                                               ~~~^~~~
      |                                                      ()
board/board.cpp:927:62: error: invalid use of member function ‘constexpr uint8_t chess::Coords::rank() const’ (did you forget the ‘()’ ?)
  927 |         const int8_t dr = static_cast<int8_t>(to.rank - from.rank);
      |                                                         ~~~~~^~~~
      |                                                                  ()
board/board.cpp:929:73: error: invalid use of member function ‘constexpr uint8_t chess::Coords::rank() const’ (did you forget the ‘()’ ?)
  929 |             enPassant[0] = Coords{from.file, static_cast<uint8_t>((from.rank + to.rank) >> 1)};
      |                                                                    ~~~~~^~~~
      |                                                                             ()
board/board.cpp:929:83: error: invalid use of member function ‘constexpr uint8_t chess::Coords::rank() const’ (did you forget the ‘()’ ?)
  929 |             enPassant[0] = Coords{from.file, static_cast<uint8_t>((from.rank + to.rank) >> 1)};
      |                                                                                ~~~^~~~
      |                                                                                       ()
board/board.cpp:929:94: error: no matching function for call to ‘chess::Coords::Coords(<brace-enclosed initializer list>)’
  929 |             enPassant[0] = Coords{from.file, static_cast<uint8_t>((from.rank + to.rank) >> 1)};
      |                                                                                              ^
board/../coords/coords.hpp:55:15: note: candidate: ‘constexpr chess::Coords::Coords(const chess::Coords&)’
   55 |     constexpr Coords(const Coords& other) noexcept = default;
      |               ^~~~~~
board/../coords/coords.hpp:55:15: note:   candidate expects 1 argument, 2 provided
board/../coords/coords.hpp:35:5: note: candidate: ‘chess::Coords::Coords(const std::string&)’
   35 |     Coords(const std::string& input) noexcept : index_(INVALID_COORDS) {
      |     ^~~~~~
board/../coords/coords.hpp:35:5: note:   candidate expects 1 argument, 2 provided
board/../coords/coords.hpp:30:15: note: candidate: ‘constexpr chess::Coords::Coords(uint8_t, uint8_t)’
   30 |     constexpr Coords(uint8_t f, uint8_t r) noexcept
      |               ^~~~~~
board/../coords/coords.hpp:30:30: note:   no known conversion for argument 1 from ‘<unresolved overloaded function type>’ to ‘uint8_t’ {aka ‘unsigned char’}
   30 |     constexpr Coords(uint8_t f, uint8_t r) noexcept
      |                      ~~~~~~~~^
board/../coords/coords.hpp:25:24: note: candidate: ‘constexpr chess::Coords::Coords(uint8_t)’
   25 |     constexpr explicit Coords(uint8_t idx) noexcept
      |                        ^~~~~~
board/../coords/coords.hpp:25:24: note:   candidate expects 1 argument, 2 provided
board/../coords/coords.hpp:21:15: note: candidate: ‘constexpr chess::Coords::Coords()’
   21 |     constexpr Coords() noexcept = default;
      |               ^~~~~~
board/../coords/coords.hpp:21:15: note:   candidate expects 0 arguments, 2 provided
board/board.cpp:935:41: error: invalid use of member function ‘constexpr uint8_t chess::Coords::rank() const’ (did you forget the ‘()’ ?)
  935 |         if ((movingColor == WHITE && to.rank == 7) ||
      |                                      ~~~^~~~
      |                                             ()
board/board.cpp:936:41: error: invalid use of member function ‘constexpr uint8_t chess::Coords::rank() const’ (did you forget the ‘()’ ?)
  936 |             (movingColor == BLACK && to.rank == 0)) {
      |                                      ~~~^~~~
      |                                             ()
make: *** [makefile:91: board/board.o] Errore 1
make: *** Attesa per i processi non terminati....
engine/search.cpp: In member function ‘std::vector<chess::Board::Move> engine::Engine::generateLegalMoves(const chess::Board&) const’:
engine/search.cpp:357:16: warning: unused variable ‘inCheck’ [-Wunused-variable]
  357 |     const bool inCheck = b.inCheck(color);
      |                ^~~~~~~
