This is pdfTeX, Version 3.141592653-2.6-1.40.25 (TeX Live 2023/Debian) (preloaded format=pdflatex)
 restricted \write18 enabled.
entering extended mode
(./main-doc.tex
LaTeX2e <2023-11-01> patch level 1
L3 programming layer <2024-01-22>
(/usr/share/texlive/texmf-dist/tex/latex/base/article.cls
Document Class: article 2023/05/17 v1.4n Standard LaTeX document class
(/usr/share/texlive/texmf-dist/tex/latex/base/size10.clo))
(/usr/share/texlive/texmf-dist/tex/latex/listings/listings.sty
(/usr/share/texlive/texmf-dist/tex/latex/graphics/keyval.sty)
(/usr/share/texlive/texmf-dist/tex/latex/listings/lstmisc.sty)
(/usr/share/texlive/texmf-dist/tex/latex/listings/listings.cfg))
(/usr/share/texlive/texmf-dist/tex/latex/graphics/graphicx.sty
(/usr/share/texlive/texmf-dist/tex/latex/graphics/graphics.sty
(/usr/share/texlive/texmf-dist/tex/latex/graphics/trig.sty)
(/usr/share/texlive/texmf-dist/tex/latex/graphics-cfg/graphics.cfg)
(/usr/share/texlive/texmf-dist/tex/latex/graphics-def/pdftex.def)))
(/usr/share/texlive/texmf-dist/tex/latex/base/inputenc.sty)
(/usr/share/texlive/texmf-dist/tex/latex/l3backend/l3backend-pdftex.def)
(./main-doc.aux)
(/usr/share/texlive/texmf-dist/tex/context/base/mkii/supp-pdf.mkii
[Loading MPS to PDF converter (version 2006.09.02).]
) (/usr/share/texlive/texmf-dist/tex/latex/epstopdf-pkg/epstopdf-base.sty
(/usr/share/texlive/texmf-dist/tex/generic/infwarerr/infwarerr.sty)
(/usr/share/texlive/texmf-dist/tex/latex/grfext/grfext.sty
(/usr/share/texlive/texmf-dist/tex/generic/kvdefinekeys/kvdefinekeys.sty))
(/usr/share/texlive/texmf-dist/tex/latex/kvoptions/kvoptions.sty
(/usr/share/texlive/texmf-dist/tex/generic/ltxcmds/ltxcmds.sty)
(/usr/share/texlive/texmf-dist/tex/latex/kvsetkeys/kvsetkeys.sty))
(/usr/share/texlive/texmf-dist/tex/generic/pdftexcmds/pdftexcmds.sty
(/usr/share/texlive/texmf-dist/tex/generic/iftex/iftex.sty))
(/usr/share/texlive/texmf-dist/tex/latex/latexconfig/epstopdf-sys.cfg))
(./main-doc.toc) [1{/var/lib/texmf/fonts/map/pdftex/updmap/pdftex.map}]
(./obbiettivi.tex) (./architettura.tex
Overfull \hbox (65.73766pt too wide) in paragraph at lines 4--5
[] 
(./component/coords.tex
Overfull \hbox (23.71025pt too wide) in paragraph at lines 3--6
\OT1/cmr/m/n/10 chiera. Quindi, l'insieme delle righe sar^^Ra cos^^R^^P com-pos
to: $\OML/cmm/m/it/10 R \OT1/cmr/m/n/10 := \OMS/cmsy/m/n/10 f\OML/cmm/m/it/10 A
; B; C; D; E; F; G; H\OMS/cmsy/m/n/10 g$ 
[2 <./img/component-diagram.png>]) (./component/board.tex [3{/usr/share/texmf/f
onts/enc/dvips/cm-super/cm-super-ts1.enc}]
Overfull \hbox (0.66682pt too wide) in paragraph at lines 11--12
[]\OT1/cmtt/m/n/10 Board(const std::array<uint32[]t, 8>& chessboard)\OT1/cmr/m/
n/10 : Costru-isce una
(/usr/share/texlive/texmf-dist/tex/latex/listings/lstlang1.sty)
(/usr/share/texlive/texmf-dist/tex/latex/listings/lstlang1.sty)
(/usr/share/texlive/texmf-dist/tex/latex/listings/lstmisc.sty)
Overfull \hbox (13.2988pt too wide) in paragraph at lines 27--28
[]\OT1/cmr/bx/n/10 3 bit per il tipo \OT1/cmr/m/n/10 di pezzo (EMPTY=0, PAWN=1,
 KNIGHT=2, BISHOP=3,
[4 <./img/piecebit.png>]
Overfull \hbox (0.1302pt too wide) in paragraph at lines 84--86
\OT1/cmr/m/n/10 una mossa, ges-tendo casi spe-ciali (ar-rocco, en pas-sant, pro
-mozione). Resti-

Overfull \hbox (4.52649pt too wide) in paragraph at lines 86--87
[]\OT1/cmtt/m/n/10 unmovePiece(const MoveState& state)\OT1/cmr/m/n/10 : An-null
a l'ultima mossa ripristi-

Overfull \hbox (6.0845pt too wide) in paragraph at lines 92--93
[]\OT1/cmtt/m/n/10 getPieceMovesBB(uint8[]t index)\OT1/cmr/m/n/10 : Resti-tu-is
ce bit-board delle des-ti-nazioni
[5]
Overfull \hbox (9.0558pt too wide) in paragraph at lines 98--99
[]\OT1/cmtt/m/n/10 isSquareAttacked(uint8[]t square, bool byWhite)\OT1/cmr/m/n/
10 : Ver-i-fica se una casa

Overfull \hbox (1.60962pt too wide) in paragraph at lines 105--106
[]\OT1/cmtt/m/n/10 fromFenToBoard(const std::string& fen)\OT1/cmr/m/n/10 : Car-
ica po-sizione da stringa
[6]) (./component/engine.tex [7]
Overfull \hbox (47.49683pt too wide) in paragraph at lines 44--47
[]\OT1/cmtt/m/n/10 std::vector<chess::Board::Move> generateLegalMoves(const che
ss::Board&
[8]
Overfull \hbox (15.32574pt too wide) in paragraph at lines 97--99
\OT1/cmr/m/n/10 cutoff, dan-dogli pri-orit^^Ra in po-sizioni sim-ili. Ar-ray \O
T1/cmtt/m/n/10 killerMoves[2][MAX[]PLY]\OT1/cmr/m/n/10 . 
[9]
Overfull \hbox (17.24684pt too wide) in paragraph at lines 148--148
[]        \OT1/cmtt/m/n/10 score = -searchPosition(board, depth-1, -beta, -alph
a, ply+1)[] 
[10]
Overfull \hbox (1.61884pt too wide) in paragraph at lines 186--187
 \OT1/cmr/bx/n/10 Statis-tiche (modalit^^Ra DE-BUG):[] \OT1/cmr/m/n/10 In build
 DE-BUG, l'engine rac-coglie statis-

Overfull \hbox (49.99261pt too wide) in paragraph at lines 201--203
\OT1/cmr/m/n/10 En-gine per mas-simiz-zare il riuso delle va-l-u-tazioni. Di-me
n-sione fissa: \OT1/cmtt/m/n/10 TTEntry::TABLE[]SIZE\OT1/cmr/m/n/10 . 

Overfull \hbox (1.34705pt too wide) in paragraph at lines 205--206
 \OT1/cmr/bx/n/10 It-er-a-tive Deep-en-ing:[] \OT1/cmr/m/n/10 An-che se sem-bra
 con-troin-tu-itivo ricer-care pi^^Ru volte,
[11]) (./component/driver.tex) (./component/stato.tex)) (./component/coords.tex
[12]
Overfull \hbox (23.71025pt too wide) in paragraph at lines 3--6
\OT1/cmr/m/n/10 chiera. Quindi, l'insieme delle righe sar^^Ra cos^^R^^P com-pos
to: $\OML/cmm/m/it/10 R \OT1/cmr/m/n/10 := \OMS/cmsy/m/n/10 f\OML/cmm/m/it/10 A
; B; C; D; E; F; G; H\OMS/cmsy/m/n/10 g$ 
) (./component/board.tex [13]
Overfull \hbox (0.66682pt too wide) in paragraph at lines 11--12
[]\OT1/cmtt/m/n/10 Board(const std::array<uint32[]t, 8>& chessboard)\OT1/cmr/m/
n/10 : Costru-isce una

Overfull \hbox (13.2988pt too wide) in paragraph at lines 27--28
[]\OT1/cmr/bx/n/10 3 bit per il tipo \OT1/cmr/m/n/10 di pezzo (EMPTY=0, PAWN=1,
 KNIGHT=2, BISHOP=3,
[14]
Overfull \hbox (0.1302pt too wide) in paragraph at lines 84--86
\OT1/cmr/m/n/10 una mossa, ges-tendo casi spe-ciali (ar-rocco, en pas-sant, pro
-mozione). Resti-

Overfull \hbox (4.52649pt too wide) in paragraph at lines 86--87
[]\OT1/cmtt/m/n/10 unmovePiece(const MoveState& state)\OT1/cmr/m/n/10 : An-null
a l'ultima mossa ripristi-
[15]
Overfull \hbox (6.0845pt too wide) in paragraph at lines 92--93
[]\OT1/cmtt/m/n/10 getPieceMovesBB(uint8[]t index)\OT1/cmr/m/n/10 : Resti-tu-is
ce bit-board delle des-ti-nazioni

Overfull \hbox (9.0558pt too wide) in paragraph at lines 98--99
[]\OT1/cmtt/m/n/10 isSquareAttacked(uint8[]t square, bool byWhite)\OT1/cmr/m/n/
10 : Ver-i-fica se una casa

Overfull \hbox (1.60962pt too wide) in paragraph at lines 105--106
[]\OT1/cmtt/m/n/10 fromFenToBoard(const std::string& fen)\OT1/cmr/m/n/10 : Car-
ica po-sizione da stringa
[16]) (./component/piece.tex [17]
Overfull \hbox (3.41617pt too wide) in paragraph at lines 31--33
[]\OT1/cmtt/m/n/10 getPawnForwardPushes\OT1/cmr/m/n/10 : Resti-tu-isce bit-boar
d delle case rag-giun-gi-bili avan-
[18] [19]
Overfull \hbox (7.2731pt too wide) in paragraph at lines 139--141
[]\OT1/cmr/bx/n/10 Generazione mosse pseudo-legali\OT1/cmr/m/n/10 : \OT1/cmtt/m
/n/10 Board::getPieceMovesBB() \OT1/cmr/m/n/10 chiama
[20]) (./component/engine.tex [21]
Overfull \hbox (47.49683pt too wide) in paragraph at lines 44--47
[]\OT1/cmtt/m/n/10 std::vector<chess::Board::Move> generateLegalMoves(const che
ss::Board&
[22]
Overfull \hbox (15.32574pt too wide) in paragraph at lines 97--99
\OT1/cmr/m/n/10 cutoff, dan-dogli pri-orit^^Ra in po-sizioni sim-ili. Ar-ray \O
T1/cmtt/m/n/10 killerMoves[2][MAX[]PLY]\OT1/cmr/m/n/10 . 
[23]
Overfull \hbox (17.24684pt too wide) in paragraph at lines 148--148
[]        \OT1/cmtt/m/n/10 score = -searchPosition(board, depth-1, -beta, -alph
a, ply+1)[] 
[24]
Overfull \hbox (1.61884pt too wide) in paragraph at lines 186--187
 \OT1/cmr/bx/n/10 Statis-tiche (modalit^^Ra DE-BUG):[] \OT1/cmr/m/n/10 In build
 DE-BUG, l'engine rac-coglie statis-

Overfull \hbox (49.99261pt too wide) in paragraph at lines 201--203
\OT1/cmr/m/n/10 En-gine per mas-simiz-zare il riuso delle va-l-u-tazioni. Di-me
n-sione fissa: \OT1/cmtt/m/n/10 TTEntry::TABLE[]SIZE\OT1/cmr/m/n/10 . 

Overfull \hbox (1.34705pt too wide) in paragraph at lines 205--206
 \OT1/cmr/bx/n/10 It-er-a-tive Deep-en-ing:[] \OT1/cmr/m/n/10 An-che se sem-bra
 con-troin-tu-itivo ricer-care pi^^Ru volte,
[25]) (./component/driver.tex) (./component/stato.tex) (./evaluate.tex [26]
! Undefined control sequence.
l.8 $$ \text
            {evaluate}: \text{Board} \longrightarrow \mathbb{Z} $$
! Undefined control sequence.
l.8 $$ \text{evaluate}: \text
                             {Board} \longrightarrow \mathbb{Z} $$
! Undefined control sequence.
l.8 ...uate}: \text{Board} \longrightarrow \mathbb
                                                  {Z} $$
[27] [28]
! Undefined control sequence.
<recently read> \text 
                      
l.142 ...)} riflette la casa verticalmente: $\text
                                                  {mirror}(sq) = 56 - (sq \%...

[29] [30]) (./todo.tex [31] [32] [33] [34]) [35] (./main-doc.aux) )
(see the transcript file for additional information)</usr/share/texlive/texmf-d
ist/fonts/type1/public/amsfonts/cm/cmbx10.pfb></usr/share/texlive/texmf-dist/fo
nts/type1/public/amsfonts/cm/cmbx12.pfb></usr/share/texlive/texmf-dist/fonts/ty
pe1/public/amsfonts/cm/cmbx9.pfb></usr/share/texlive/texmf-dist/fonts/type1/pub
lic/amsfonts/cm/cmitt10.pfb></usr/share/texlive/texmf-dist/fonts/type1/public/a
msfonts/cm/cmmi10.pfb></usr/share/texlive/texmf-dist/fonts/type1/public/amsfont
s/cm/cmr10.pfb></usr/share/texlive/texmf-dist/fonts/type1/public/amsfonts/cm/cm
r12.pfb></usr/share/texlive/texmf-dist/fonts/type1/public/amsfonts/cm/cmr17.pfb
></usr/share/texlive/texmf-dist/fonts/type1/public/amsfonts/cm/cmr5.pfb></usr/s
hare/texlive/texmf-dist/fonts/type1/public/amsfonts/cm/cmr6.pfb></usr/share/tex
live/texmf-dist/fonts/type1/public/amsfonts/cm/cmr7.pfb></usr/share/texlive/tex
mf-dist/fonts/type1/public/amsfonts/cm/cmr8.pfb></usr/share/texlive/texmf-dist/
fonts/type1/public/amsfonts/cm/cmr9.pfb></usr/share/texlive/texmf-dist/fonts/ty
pe1/public/amsfonts/cm/cmsy10.pfb></usr/share/texlive/texmf-dist/fonts/type1/pu
blic/amsfonts/cm/cmti10.pfb></usr/share/texlive/texmf-dist/fonts/type1/public/a
msfonts/cm/cmtt10.pfb></usr/share/texlive/texmf-dist/fonts/type1/public/amsfont
s/cm/cmtt9.pfb></usr/share/texmf/fonts/type1/public/cm-super/sfrm1000.pfb>
Output written on main-doc.pdf (35 pages, 320611 bytes).
Transcript written on main-doc.log.
